Using pre-set license
Built from '2020.3/staging' branch; Version is '2020.3.48f1 (b805b124c6b7) revision 12060081'; Using compiler version '192528614'; Build Type 'Release'
OS: 'Windows 11  (10.0.22631) 64bit CoreSingleLanguage' Language: 'en' Physical Memory: 16088 MB
BatchMode: 1, IsHumanControllingUs: 0, StartBugReporterOnCrash: 0, Is64bit: 1, IsPro: 0

COMMAND LINE ARGUMENTS:
E:\GAMEMAKER\_UNITY\Unity\Unity 2020.3.48f1\Editor\Unity.exe
-adb2
-batchMode
-noUpm
-name
AssetImportWorker0
-projectPath
E:/GAMEMAKER/_UNITY/Project/Lingo_Dungo/Lingo Dungo
-logFile
Logs/AssetImportWorker0.log
-srvPort
61476
Successfully changed project path to: E:/GAMEMAKER/_UNITY/Project/Lingo_Dungo/Lingo Dungo
E:/GAMEMAKER/_UNITY/Project/Lingo_Dungo/Lingo Dungo
Using Asset Import Pipeline V2.
Player connection [27260] Host "[IP] 192.168.1.35 [Port] 2953007584 [Flags] 2 [Guid] 1099052683 [EditorId] 1099052683 [Version] 1048832 [Id] WindowsEditor(7,LAPTOP-63F2AFJ4) [Debug] 1 [PackageName] WindowsEditor [ProjectName] Editor" joined multi-casting on [225.0.0.222:54997]...

Player connection [27260] Host "[IP] 192.168.1.35 [Port] 2953007584 [Flags] 2 [Guid] 1099052683 [EditorId] 1099052683 [Version] 1048832 [Id] WindowsEditor(7,LAPTOP-63F2AFJ4) [Debug] 1 [PackageName] WindowsEditor [ProjectName] Editor" joined alternative multi-casting on [225.0.0.222:34997]...

Refreshing native plugins compatible for Editor in 53.90 ms, found 3 plugins.
Preloading 0 native plugins for Editor in 0.00 ms.
Initialize engine version: 2020.3.48f1 (b805b124c6b7)
[Subsystems] Discovering subsystems at path E:/GAMEMAKER/_UNITY/Unity/Unity 2020.3.48f1/Editor/Data/Resources/UnitySubsystems
[Subsystems] Discovering subsystems at path E:/GAMEMAKER/_UNITY/Project/Lingo_Dungo/Lingo Dungo/Assets
GfxDevice: creating device client; threaded=0
Direct3D:
    Version:  Direct3D 11.0 [level 11.1]
    Renderer: NVIDIA GeForce RTX 3050 Laptop GPU (ID=0x25a2)
    Vendor:   
    VRAM:     3964 MB
    Driver:   31.0.15.5186
Initialize mono
Mono path[0] = 'E:/GAMEMAKER/_UNITY/Unity/Unity 2020.3.48f1/Editor/Data/Managed'
Mono path[1] = 'E:/GAMEMAKER/_UNITY/Unity/Unity 2020.3.48f1/Editor/Data/MonoBleedingEdge/lib/mono/unityjit'
Mono config path = 'E:/GAMEMAKER/_UNITY/Unity/Unity 2020.3.48f1/Editor/Data/MonoBleedingEdge/etc'
Using monoOptions --debugger-agent=transport=dt_socket,embedding=1,server=y,suspend=n,address=127.0.0.1:56080
Begin MonoManager ReloadAssembly
Registering precompiled unity dll's ...
Register platform support module: E:/GAMEMAKER/_UNITY/Unity/Unity 2020.3.48f1/Editor/Data/PlaybackEngines/WindowsStandaloneSupport/UnityEditor.WindowsStandalone.Extensions.dll
Registered in 0.002733 seconds.
Native extension for WindowsStandalone target not found
Refreshing native plugins compatible for Editor in 67.85 ms, found 3 plugins.
Preloading 0 native plugins for Editor in 0.00 ms.
Mono: successfully reloaded assembly
- Completed reload, in  0.744 seconds
Domain Reload Profiling:
	ReloadAssembly (745ms)
		BeginReloadAssembly (88ms)
			ExecutionOrderSort (0ms)
			DisableScriptedObjects (0ms)
			BackupInstance (0ms)
			ReleaseScriptingObjects (0ms)
			CreateAndSetChildDomain (1ms)
		EndReloadAssembly (573ms)
			LoadAssemblies (89ms)
			RebuildTransferFunctionScriptingTraits (0ms)
			SetupTypeCache (197ms)
			ReleaseScriptCaches (0ms)
			RebuildScriptCaches (37ms)
			SetupLoadedEditorAssemblies (212ms)
				LogAssemblyErrors (0ms)
				InitializePlatformSupportModulesInManaged (6ms)
				SetLoadedEditorAssemblies (0ms)
				RefreshPlugins (68ms)
				BeforeProcessingInitializeOnLoad (15ms)
				ProcessInitializeOnLoadAttributes (96ms)
				ProcessInitializeOnLoadMethodAttributes (26ms)
				AfterProcessingInitializeOnLoad (0ms)
				EditorAssembliesLoaded (0ms)
			ExecutionOrderSort2 (0ms)
			AwakeInstancesAfterBackupRestoration (0ms)
Platform modules already initialized, skipping
Registering precompiled user dll's ...
Registered in 0.002960 seconds.
Begin MonoManager ReloadAssembly
Native extension for WindowsStandalone target not found
Refreshing native plugins compatible for Editor in 84.04 ms, found 3 plugins.
Preloading 0 native plugins for Editor in 0.00 ms.
Mono: successfully reloaded assembly
- Completed reload, in  1.216 seconds
Domain Reload Profiling:
	ReloadAssembly (1217ms)
		BeginReloadAssembly (125ms)
			ExecutionOrderSort (0ms)
			DisableScriptedObjects (4ms)
			BackupInstance (0ms)
			ReleaseScriptingObjects (0ms)
			CreateAndSetChildDomain (15ms)
		EndReloadAssembly (1047ms)
			LoadAssemblies (87ms)
			RebuildTransferFunctionScriptingTraits (0ms)
			SetupTypeCache (285ms)
			ReleaseScriptCaches (0ms)
			RebuildScriptCaches (69ms)
			SetupLoadedEditorAssemblies (523ms)
				LogAssemblyErrors (0ms)
				InitializePlatformSupportModulesInManaged (5ms)
				SetLoadedEditorAssemblies (0ms)
				RefreshPlugins (84ms)
				BeforeProcessingInitializeOnLoad (89ms)
				ProcessInitializeOnLoadAttributes (333ms)
				ProcessInitializeOnLoadMethodAttributes (11ms)
				AfterProcessingInitializeOnLoad (1ms)
				EditorAssembliesLoaded (0ms)
			ExecutionOrderSort2 (0ms)
			AwakeInstancesAfterBackupRestoration (1ms)
Platform modules already initialized, skipping
========================================================================
Worker process is ready to serve import requests
Launched and connected shader compiler UnityShaderCompiler.exe after 0.07 seconds
Refreshing native plugins compatible for Editor in 0.55 ms, found 3 plugins.
Preloading 0 native plugins for Editor in 0.00 ms.
Unloading 3495 Unused Serialized files (Serialized files now loaded: 0)
System memory in use before: 156.9 MB.
System memory in use after: 155.6 MB.

Unloading 54 unused Assets to reduce memory usage. Loaded Objects now: 3906.
Total: 3.975800 ms (FindLiveObjects: 0.179300 ms CreateObjectMapping: 0.071700 ms MarkObjects: 2.968800 ms  DeleteObjects: 0.755000 ms)

AssetImportParameters requested are different than current active one (requested -> active):
  custom:framework-win-MediaFoundation: 216162199b28c13a410421893ffa2e32 -> 
  custom:video-decoder-ogg-theora: a1e56fd34408186e4bbccfd4996cb3dc -> 
  custom:container-muxer-webm: aa71ff27fc2769a1b78a27578f13a17b -> 
  custom:container-demuxer-webm: 4f35f7cbe854078d1ac9338744f61a02 -> 
  custom:container-demuxer-ogg: 62fdf1f143b41e24485cea50d1cbac27 -> 
  custom:video-encoder-webm-vp8: eb34c28f22e8b96e1ab97ce403110664 -> 
  custom:video-decoder-webm-vp8: 9c59270c3fd7afecdb556c50c9e8de78 -> 
  custom:audio-decoder-ogg-vorbis: bf7c407c2cedff20999df2af8eb42d56 -> 
  custom:audio-encoder-webm-vorbis: bf7c407c2cedff20999df2af8eb42d56 -> 
========================================================================
Received Import Request.
  path: Assets/Core/Object/Enemy.cs
  artifactKey: Guid(1d7198070b97692478106ee8aeac2750) Importer(815301076,1909f56bfc062723c751e8b465ee728b)
Start importing Assets/Core/Object/Enemy.cs using Guid(1d7198070b97692478106ee8aeac2750) Importer(815301076,1909f56bfc062723c751e8b465ee728b)  -> (artifact id: '53f4613689fccf0229bd228a2902f18c') in 0.030520 seconds 
========================================================================
Received Import Request.
  Time since last request: 0.000445 seconds.
  path: Assets/Core/Object/Player.cs
  artifactKey: Guid(a3412cf3603fbb449acea343748b2ef2) Importer(815301076,1909f56bfc062723c751e8b465ee728b)
Start importing Assets/Core/Object/Player.cs using Guid(a3412cf3603fbb449acea343748b2ef2) Importer(815301076,1909f56bfc062723c751e8b465ee728b)  -> (artifact id: 'e323b3c792fb8a7333a78f3cfd92158b') in 0.001669 seconds 
========================================================================
Received Import Request.
  Time since last request: 0.000268 seconds.
  path: Assets/Core/Object/Skill.cs
  artifactKey: Guid(0c3c71255cb89ee419f44ea57df188d1) Importer(815301076,1909f56bfc062723c751e8b465ee728b)
Start importing Assets/Core/Object/Skill.cs using Guid(0c3c71255cb89ee419f44ea57df188d1) Importer(815301076,1909f56bfc062723c751e8b465ee728b)  -> (artifact id: 'db8fcc75e3b4c2b6b39a105400840d34') in 0.002399 seconds 
========================================================================
Received Import Request.
  Time since last request: 0.000313 seconds.
  path: Assets/Core/Object/Combatant.cs
  artifactKey: Guid(f59c89029969729438f7774ded4e1536) Importer(815301076,1909f56bfc062723c751e8b465ee728b)
Start importing Assets/Core/Object/Combatant.cs using Guid(f59c89029969729438f7774ded4e1536) Importer(815301076,1909f56bfc062723c751e8b465ee728b)  -> (artifact id: 'f441844cae0b96c0e1b382e85c8dc30b') in 0.002143 seconds 
========================================================================
Received Import Request.
  Time since last request: 0.000456 seconds.
  path: Assets/Core/Object/Token.cs
  artifactKey: Guid(26a4b7d395f18e142bb772a2f153aed7) Importer(815301076,1909f56bfc062723c751e8b465ee728b)
Start importing Assets/Core/Object/Token.cs using Guid(26a4b7d395f18e142bb772a2f153aed7) Importer(815301076,1909f56bfc062723c751e8b465ee728b)  -> (artifact id: '5fc64c384dd96bae0c1e83f21f203fe2') in 0.002439 seconds 
========================================================================
Received Import Request.
  Time since last request: 12.549443 seconds.
  path: Assets/Core/Object/Class.cs
  artifactKey: Guid(5545265a73891404eb812bad3900c17f) Importer(815301076,1909f56bfc062723c751e8b465ee728b)
Start importing Assets/Core/Object/Class.cs using Guid(5545265a73891404eb812bad3900c17f) Importer(815301076,1909f56bfc062723c751e8b465ee728b)  -> (artifact id: 'b5ce40c4392ad2c1e2de564f1884e6b3') in 0.002475 seconds 
========================================================================
Received Prepare
Registering precompiled user dll's ...
Registered in 0.002765 seconds.
Begin MonoManager ReloadAssembly
Native extension for WindowsStandalone target not found
Refreshing native plugins compatible for Editor in 0.68 ms, found 3 plugins.
Preloading 0 native plugins for Editor in 0.00 ms.
Mono: successfully reloaded assembly
- Completed reload, in  1.013 seconds
Domain Reload Profiling:
	ReloadAssembly (1014ms)
		BeginReloadAssembly (103ms)
			ExecutionOrderSort (0ms)
			DisableScriptedObjects (6ms)
			BackupInstance (0ms)
			ReleaseScriptingObjects (0ms)
			CreateAndSetChildDomain (32ms)
		EndReloadAssembly (866ms)
			LoadAssemblies (81ms)
			RebuildTransferFunctionScriptingTraits (0ms)
			SetupTypeCache (236ms)
			ReleaseScriptCaches (1ms)
			RebuildScriptCaches (36ms)
			SetupLoadedEditorAssemblies (455ms)
				LogAssemblyErrors (0ms)
				InitializePlatformSupportModulesInManaged (4ms)
				SetLoadedEditorAssemblies (0ms)
				RefreshPlugins (1ms)
				BeforeProcessingInitializeOnLoad (78ms)
				ProcessInitializeOnLoadAttributes (360ms)
				ProcessInitializeOnLoadMethodAttributes (10ms)
				AfterProcessingInitializeOnLoad (2ms)
				EditorAssembliesLoaded (0ms)
			ExecutionOrderSort2 (0ms)
			AwakeInstancesAfterBackupRestoration (2ms)
Platform modules already initialized, skipping
Refreshing native plugins compatible for Editor in 0.80 ms, found 3 plugins.
Preloading 0 native plugins for Editor in 0.00 ms.
Unloading 3402 Unused Serialized files (Serialized files now loaded: 0)
System memory in use before: 147.9 MB.
System memory in use after: 146.7 MB.

Unloading 43 unused Assets to reduce memory usage. Loaded Objects now: 3910.
Total: 3.769700 ms (FindLiveObjects: 0.178300 ms CreateObjectMapping: 0.087200 ms MarkObjects: 2.679600 ms  DeleteObjects: 0.823300 ms)

AssetImportParameters requested are different than current active one (requested -> active):
  custom:framework-win-MediaFoundation: 216162199b28c13a410421893ffa2e32 -> 
  custom:video-decoder-ogg-theora: a1e56fd34408186e4bbccfd4996cb3dc -> 
  custom:container-muxer-webm: aa71ff27fc2769a1b78a27578f13a17b -> 
  custom:container-demuxer-webm: 4f35f7cbe854078d1ac9338744f61a02 -> 
  custom:container-demuxer-ogg: 62fdf1f143b41e24485cea50d1cbac27 -> 
  custom:video-encoder-webm-vp8: eb34c28f22e8b96e1ab97ce403110664 -> 
  custom:video-decoder-webm-vp8: 9c59270c3fd7afecdb556c50c9e8de78 -> 
  custom:audio-decoder-ogg-vorbis: bf7c407c2cedff20999df2af8eb42d56 -> 
  custom:audio-encoder-webm-vorbis: bf7c407c2cedff20999df2af8eb42d56 -> 
========================================================================
Received Import Request.
  Time since last request: 107.454473 seconds.
  path: Assets/Core/Manager/CombatManager.cs
  artifactKey: Guid(852713c64966d9349b0256e3b103a013) Importer(815301076,1909f56bfc062723c751e8b465ee728b)
Start importing Assets/Core/Manager/CombatManager.cs using Guid(852713c64966d9349b0256e3b103a013) Importer(815301076,1909f56bfc062723c751e8b465ee728b)  -> (artifact id: '2f043295707429c8feefad0a48de7ef3') in 0.008228 seconds 
========================================================================
Received Import Request.
  Time since last request: 238.184642 seconds.
  path: Assets/Core/Object/Skill.cs
  artifactKey: Guid(0c3c71255cb89ee419f44ea57df188d1) Importer(815301076,1909f56bfc062723c751e8b465ee728b)
Start importing Assets/Core/Object/Skill.cs using Guid(0c3c71255cb89ee419f44ea57df188d1) Importer(815301076,1909f56bfc062723c751e8b465ee728b)  -> (artifact id: '98ee03df1bdeee4ec183f17a0d020914') in 0.005854 seconds 
========================================================================
Received Import Request.
  Time since last request: 121.221715 seconds.
  path: Assets/Core/Object/Skill.cs
  artifactKey: Guid(0c3c71255cb89ee419f44ea57df188d1) Importer(815301076,1909f56bfc062723c751e8b465ee728b)
Start importing Assets/Core/Object/Skill.cs using Guid(0c3c71255cb89ee419f44ea57df188d1) Importer(815301076,1909f56bfc062723c751e8b465ee728b)  -> (artifact id: '351743cefa83ea4da92b315a9a206510') in 0.003540 seconds 
========================================================================
Received Prepare
Registering precompiled user dll's ...
Registered in 0.007302 seconds.
Begin MonoManager ReloadAssembly
Native extension for WindowsStandalone target not found
Refreshing native plugins compatible for Editor in 1.06 ms, found 3 plugins.
Preloading 0 native plugins for Editor in 0.00 ms.
Mono: successfully reloaded assembly
- Completed reload, in  1.702 seconds
Domain Reload Profiling:
	ReloadAssembly (1703ms)
		BeginReloadAssembly (194ms)
			ExecutionOrderSort (0ms)
			DisableScriptedObjects (8ms)
			BackupInstance (0ms)
			ReleaseScriptingObjects (0ms)
			CreateAndSetChildDomain (62ms)
		EndReloadAssembly (1418ms)
			LoadAssemblies (217ms)
			RebuildTransferFunctionScriptingTraits (0ms)
			SetupTypeCache (534ms)
			ReleaseScriptCaches (2ms)
			RebuildScriptCaches (86ms)
			SetupLoadedEditorAssemblies (488ms)
				LogAssemblyErrors (0ms)
				InitializePlatformSupportModulesInManaged (10ms)
				SetLoadedEditorAssemblies (1ms)
				RefreshPlugins (1ms)
				BeforeProcessingInitializeOnLoad (195ms)
				ProcessInitializeOnLoadAttributes (273ms)
				ProcessInitializeOnLoadMethodAttributes (7ms)
				AfterProcessingInitializeOnLoad (1ms)
				EditorAssembliesLoaded (0ms)
			ExecutionOrderSort2 (0ms)
			AwakeInstancesAfterBackupRestoration (2ms)
Platform modules already initialized, skipping
Refreshing native plugins compatible for Editor in 0.53 ms, found 3 plugins.
Preloading 0 native plugins for Editor in 0.00 ms.
Unloading 3402 Unused Serialized files (Serialized files now loaded: 0)
System memory in use before: 148.0 MB.
System memory in use after: 146.7 MB.

Unloading 43 unused Assets to reduce memory usage. Loaded Objects now: 3913.
Total: 3.585600 ms (FindLiveObjects: 0.167100 ms CreateObjectMapping: 0.078300 ms MarkObjects: 2.583100 ms  DeleteObjects: 0.756200 ms)

AssetImportParameters requested are different than current active one (requested -> active):
  custom:framework-win-MediaFoundation: 216162199b28c13a410421893ffa2e32 -> 
  custom:video-decoder-ogg-theora: a1e56fd34408186e4bbccfd4996cb3dc -> 
  custom:container-muxer-webm: aa71ff27fc2769a1b78a27578f13a17b -> 
  custom:container-demuxer-webm: 4f35f7cbe854078d1ac9338744f61a02 -> 
  custom:container-demuxer-ogg: 62fdf1f143b41e24485cea50d1cbac27 -> 
  custom:video-encoder-webm-vp8: eb34c28f22e8b96e1ab97ce403110664 -> 
  custom:video-decoder-webm-vp8: 9c59270c3fd7afecdb556c50c9e8de78 -> 
  custom:audio-decoder-ogg-vorbis: bf7c407c2cedff20999df2af8eb42d56 -> 
  custom:audio-encoder-webm-vorbis: bf7c407c2cedff20999df2af8eb42d56 -> 
AssetImportWorkerClient::OnTransportError - code=2 error=End of file
